# JRE version: Java(TM) SE Runtime Environment (17.0.9+11) (build 17.0.9+11-LTS-201)
# Java VM: Java HotSpot(TM) 64-Bit Server VM (17.0.9+11-LTS-201, mixed mode, sharing, tiered, compressed oops, compressed class ptrs, g1 gc, windows-amd64)
GC Precious Log:
 CPUs: 12 total, 12 available
 Memory: 16243M
 Large Page Support: Disabled
 NUMA Support: Disabled
 Compressed Oops: Enabled (Zero based)
 Heap Region Size: 2M
 Heap Min Capacity: 8M
 Heap Initial Capacity: 254M
 Heap Max Capacity: 4062M
 Pre-touch: Disabled
 Parallel Workers: 10
 Concurrent Workers: 3
 Concurrent Refinement Workers: 10
 Periodic GC: Disabled
Heap:
 garbage-first heap   total 219136K, used 68425K [0x0000000702200000, 0x0000000800000000)
  region size 2048K, 6 young (12288K), 2 survivors (4096K)
 Metaspace       used 94646K, committed 95488K, reserved 1179648K
  class space    used 12458K, committed 12864K, reserved 1048576K
GC Heap History (20 events):
Event: 447.699 GC heap before
{Heap before GC invocations=59 (full 2):
 garbage-first heap   total 178176K, used 134245K [0x0000000702200000, 0x0000000800000000)
  region size 2048K, 42 young (86016K), 4 survivors (8192K)
 Metaspace       used 93624K, committed 94400K, reserved 1179648K
  class space    used 12392K, committed 12736K, reserved 1048576K
}
Event: 447.702 GC heap after
{Heap after GC invocations=60 (full 2):
 garbage-first heap   total 178176K, used 61185K [0x0000000702200000, 0x0000000800000000)
  region size 2048K, 4 young (8192K), 4 survivors (8192K)
 Metaspace       used 93624K, committed 94400K, reserved 1179648K
  class space    used 12392K, committed 12736K, reserved 1048576K
}
Event: 447.812 GC heap before
{Heap before GC invocations=60 (full 2):
 garbage-first heap   total 178176K, used 130817K [0x0000000702200000, 0x0000000800000000)
  region size 2048K, 39 young (79872K), 4 survivors (8192K)
 Metaspace       used 93635K, committed 94400K, reserved 1179648K
  class space    used 12392K, committed 12736K, reserved 1048576K
}
Event: 447.814 GC heap after
{Heap after GC invocations=61 (full 2):
 garbage-first heap   total 215040K, used 63288K [0x0000000702200000, 0x0000000800000000)
  region size 2048K, 4 young (8192K), 4 survivors (8192K)
 Metaspace       used 93635K, committed 94400K, reserved 1179648K
  class space    used 12392K, committed 12736K, reserved 1048576K
}
Event: 448.251 GC heap before
{Heap before GC invocations=61 (full 2):
 garbage-first heap   total 215040K, used 161592K [0x0000000702200000, 0x0000000800000000)
  region size 2048K, 53 young (108544K), 4 survivors (8192K)
 Metaspace       used 93684K, committed 94528K, reserved 1179648K
  class space    used 12394K, committed 12800K, reserved 1048576K
}
Event: 448.253 GC heap after
{Heap after GC invocations=62 (full 2):
 garbage-first heap   total 215040K, used 58418K [0x0000000702200000, 0x0000000800000000)
  region size 2048K, 2 young (4096K), 2 survivors (4096K)
 Metaspace       used 93684K, committed 94528K, reserved 1179648K
  class space    used 12394K, committed 12800K, reserved 1048576K
}
Event: 450.559 GC heap before
{Heap before GC invocations=62 (full 2):
 garbage-first heap   total 215040K, used 68658K [0x0000000702200000, 0x0000000800000000)
  region size 2048K, 8 young (16384K), 2 survivors (4096K)
 Metaspace       used 93742K, committed 94528K, reserved 1179648K
  class space    used 12395K, committed 12800K, reserved 1048576K
}
Event: 450.597 GC heap after
{Heap after GC invocations=63 (full 3):
 garbage-first heap   total 178176K, used 50062K [0x0000000702200000, 0x0000000800000000)
  region size 2048K, 0 young (0K), 0 survivors (0K)
 Metaspace       used 93742K, committed 94528K, reserved 1179648K
  class space    used 12395K, committed 12800K, reserved 1048576K
}
Event: 451.365 GC heap before
{Heap before GC invocations=63 (full 3):
 garbage-first heap   total 178176K, used 140174K [0x0000000702200000, 0x0000000800000000)
  region size 2048K, 44 young (90112K), 0 survivors (0K)
 Metaspace       used 94052K, committed 94848K, reserved 1179648K
  class space    used 12425K, committed 12800K, reserved 1048576K
}
Event: 451.369 GC heap after
{Heap after GC invocations=64 (full 3):
 garbage-first heap   total 178176K, used 56138K [0x0000000702200000, 0x0000000800000000)
  region size 2048K, 3 young (6144K), 3 survivors (6144K)
 Metaspace       used 94052K, committed 94848K, reserved 1179648K
  class space    used 12425K, committed 12800K, reserved 1048576K
}
Event: 454.733 GC heap before
{Heap before GC invocations=64 (full 3):
 garbage-first heap   total 178176K, used 140106K [0x0000000702200000, 0x0000000800000000)
  region size 2048K, 44 young (90112K), 3 survivors (6144K)
 Metaspace       used 94520K, committed 95232K, reserved 1179648K
  class space    used 12450K, committed 12800K, reserved 1048576K
}
Event: 454.736 GC heap after
{Heap after GC invocations=65 (full 3):
 garbage-first heap   total 178176K, used 59801K [0x0000000702200000, 0x0000000800000000)
  region size 2048K, 5 young (10240K), 5 survivors (10240K)
 Metaspace       used 94520K, committed 95232K, reserved 1179648K
  class space    used 12450K, committed 12800K, reserved 1048576K
}
Event: 454.856 GC heap before
{Heap before GC invocations=65 (full 3):
 garbage-first heap   total 178176K, used 137625K [0x0000000702200000, 0x0000000800000000)
  region size 2048K, 44 young (90112K), 5 survivors (10240K)
 Metaspace       used 94524K, committed 95232K, reserved 1179648K
  class space    used 12450K, committed 12800K, reserved 1048576K
}
Event: 454.861 GC heap after
{Heap after GC invocations=66 (full 3):
 garbage-first heap   total 178176K, used 64262K [0x0000000702200000, 0x0000000800000000)
  region size 2048K, 5 young (10240K), 5 survivors (10240K)
 Metaspace       used 94524K, committed 95232K, reserved 1179648K
  class space    used 12450K, committed 12800K, reserved 1048576K
}
Event: 454.977 GC heap before
{Heap before GC invocations=66 (full 3):
 garbage-first heap   total 178176K, used 137990K [0x0000000702200000, 0x0000000800000000)
  region size 2048K, 42 young (86016K), 5 survivors (10240K)
 Metaspace       used 94525K, committed 95232K, reserved 1179648K
  class space    used 12450K, committed 12800K, reserved 1048576K
}
Event: 454.980 GC heap after
{Heap after GC invocations=67 (full 3):
 garbage-first heap   total 178176K, used 65840K [0x0000000702200000, 0x0000000800000000)
  region size 2048K, 4 young (8192K), 4 survivors (8192K)
 Metaspace       used 94525K, committed 95232K, reserved 1179648K
  class space    used 12450K, committed 12800K, reserved 1048576K
}
Event: 455.087 GC heap before
{Heap before GC invocations=67 (full 3):
 garbage-first heap   total 178176K, used 135472K [0x0000000702200000, 0x0000000800000000)
  region size 2048K, 39 young (79872K), 4 survivors (8192K)
 Metaspace       used 94535K, committed 95360K, reserved 1179648K
  class space    used 12451K, committed 12864K, reserved 1048576K
}
Event: 455.089 GC heap after
{Heap after GC invocations=68 (full 3):
 garbage-first heap   total 219136K, used 67837K [0x0000000702200000, 0x0000000800000000)
  region size 2048K, 4 young (8192K), 4 survivors (8192K)
 Metaspace       used 94535K, committed 95360K, reserved 1179648K
  class space    used 12451K, committed 12864K, reserved 1048576K
}
Event: 455.513 GC heap before
{Heap before GC invocations=68 (full 3):
 garbage-first heap   total 219136K, used 170237K [0x0000000702200000, 0x0000000800000000)
  region size 2048K, 55 young (112640K), 4 survivors (8192K)
 Metaspace       used 94599K, committed 95424K, reserved 1179648K
  class space    used 12455K, committed 12864K, reserved 1048576K
}
Event: 455.515 GC heap after
{Heap after GC invocations=69 (full 3):
 garbage-first heap   total 219136K, used 62281K [0x0000000702200000, 0x0000000800000000)
  region size 2048K, 2 young (4096K), 2 survivors (4096K)
 Metaspace       used 94599K, committed 95424K, reserved 1179648K
  class space    used 12455K, committed 12864K, reserved 1048576K
}

